[debug] [2022-01-28T01:09:07.827Z] ----------------------------------------------------------------------
[debug] [2022-01-28T01:09:07.829Z] Command:       /usr/local/bin/node /usr/local/bin/firebase projects:list
[debug] [2022-01-28T01:09:07.829Z] CLI Version:   10.1.2
[debug] [2022-01-28T01:09:07.829Z] Platform:      darwin
[debug] [2022-01-28T01:09:07.829Z] Node Version:  v16.13.1
[debug] [2022-01-28T01:09:07.831Z] Time:          Thu Jan 27 2022 17:09:07 GMT-0800 (Pacific Standard Time)
[debug] [2022-01-28T01:09:07.831Z] ----------------------------------------------------------------------
[debug] 
[debug] [2022-01-28T01:09:07.840Z] > command requires scopes: ["email","openid","https://www.googleapis.com/auth/cloudplatformprojects.readonly","https://www.googleapis.com/auth/firebase","https://www.googleapis.com/auth/cloud-platform"]
[debug] [2022-01-28T01:09:07.841Z] > authorizing via signed-in user (ben.richards.sfdc@gmail.com)
[debug] [2022-01-28T01:09:07.854Z] >>> [apiv2][query] GET https://firebase.googleapis.com/v1beta1/projects pageSize=1000
[debug] [2022-01-28T01:09:18.442Z] <<< [apiv2][status] GET https://firebase.googleapis.com/v1beta1/projects 500
[debug] [2022-01-28T01:09:18.442Z] <<< [apiv2][body] GET https://firebase.googleapis.com/v1beta1/projects [omitted]
[debug] [2022-01-28T01:09:18.443Z] HTTP Error: 500, Internal error encountered.
[debug] [2022-01-28T01:09:18.537Z] FirebaseError: HTTP Error: 500, Internal error encountered.
    at module.exports (/usr/local/lib/node_modules/firebase-tools/lib/responseToError.js:38:12)
    at Client.doRequest (/usr/local/lib/node_modules/firebase-tools/lib/apiv2.js:241:23)
    at processTicksAndRejections (node:internal/process/task_queues:96:5)
    at async Client.request (/usr/local/lib/node_modules/firebase-tools/lib/apiv2.js:96:20)
    at async getProjectPage (/usr/local/lib/node_modules/firebase-tools/lib/management/projects.js:233:17)
    at async getFirebaseProjectPage (/usr/local/lib/node_modules/firebase-tools/lib/management/projects.js:250:23)
    at async listFirebaseProjects (/usr/local/lib/node_modules/firebase-tools/lib/management/projects.js:281:29)
    at async Command.actionFn (/usr/local/lib/node_modules/firebase-tools/lib/commands/projects-list.js:50:20)
[error] 
[error] Error: Failed to list Firebase projects. See firebase-debug.log for more info.
